0 verbose cli C:\nvm4w\nodejs\node.exe C:\Users\CRIZMA MEGA STORE\AppData\Roaming\npm\node_modules\npm\bin\npm-cli.js
1 info using npm@11.8.0
2 info using node@v24.11.0
3 silly config load:file:C:\Users\CRIZMA MEGA STORE\AppData\Roaming\npm\node_modules\npm\npmrc
4 silly config load:file:C:\Users\CRIZMA MEGA STORE\Desktop\عقارت جمصه\gamasa-properties\.npmrc
5 silly config load:file:C:\Users\CRIZMA MEGA STORE\.npmrc
6 silly config load:file:C:\Users\CRIZMA MEGA STORE\AppData\Roaming\npm\etc\npmrc
7 verbose title npm exec supabase db push --dry-run --include-all --yes
8 verbose argv "exec" "--" "supabase" "db" "push" "--dry-run" "--include-all" "--yes"
9 verbose logfile logs-max:10 dir:C:\Users\CRIZMA MEGA STORE\Desktop\عقارت جمصه\gamasa-properties\.npm-cache\_logs\2026-03-09T21_54_38_078Z-
10 verbose logfile C:\Users\CRIZMA MEGA STORE\Desktop\عقارت جمصه\gamasa-properties\.npm-cache\_logs\2026-03-09T21_54_38_078Z-debug-0.log
11 silly logfile start cleaning logs, removing 1 files
12 silly logfile done cleaning log files
13 silly packumentCache heap:2348810240 maxSize:587202560 maxEntrySize:293601280
14 http fetch GET 200 https://registry.npmjs.org/supabase 888ms (cache revalidated)
15 silly packumentCache heap:2348810240 maxSize:587202560 maxEntrySize:293601280
16 silly packumentCache heap:2348810240 maxSize:587202560 maxEntrySize:293601280
17 verbose cwd C:\Users\CRIZMA MEGA STORE\Desktop\عقارت جمصه\gamasa-properties
18 verbose os Windows_NT 10.0.19045
19 verbose node v24.11.0
20 verbose npm  v11.8.0
21 verbose exit 0
22 info ok
