0 verbose cli C:\nvm4w\nodejs\node.exe C:\Users\CRIZMA MEGA STORE\AppData\Roaming\npm\node_modules\npm\bin\npm-cli.js
1 info using npm@11.8.0
2 info using node@v24.11.0
3 silly config load:file:C:\Users\CRIZMA MEGA STORE\AppData\Roaming\npm\node_modules\npm\npmrc
4 silly config load:file:C:\Users\CRIZMA MEGA STORE\Desktop\عقارت جمصه\gamasa-properties\.npmrc
5 silly config load:file:C:\Users\CRIZMA MEGA STORE\.npmrc
6 silly config load:file:C:\Users\CRIZMA MEGA STORE\AppData\Roaming\npm\etc\npmrc
7 verbose title npm exec supabase migration repair --status reverted 20260208 --yes
8 verbose argv "exec" "--" "supabase" "migration" "repair" "--status" "reverted" "20260208" "--yes"
9 verbose logfile logs-max:10 dir:C:\Users\CRIZMA MEGA STORE\Desktop\عقارت جمصه\gamasa-properties\.npm-cache\_logs\2026-03-09T21_54_21_462Z-
10 verbose logfile C:\Users\CRIZMA MEGA STORE\Desktop\عقارت جمصه\gamasa-properties\.npm-cache\_logs\2026-03-09T21_54_21_462Z-debug-0.log
11 silly logfile done cleaning log files
12 silly packumentCache heap:2348810240 maxSize:587202560 maxEntrySize:293601280
13 http fetch GET 200 https://registry.npmjs.org/supabase 616ms (cache revalidated)
14 silly packumentCache heap:2348810240 maxSize:587202560 maxEntrySize:293601280
15 silly packumentCache heap:2348810240 maxSize:587202560 maxEntrySize:293601280
16 verbose cwd C:\Users\CRIZMA MEGA STORE\Desktop\عقارت جمصه\gamasa-properties
17 verbose os Windows_NT 10.0.19045
18 verbose node v24.11.0
19 verbose npm  v11.8.0
20 verbose exit 0
21 info ok
